[debug] [2021-04-24T18:03:03.356Z] ----------------------------------------------------------------------
[debug] [2021-04-24T18:03:03.358Z] Command:       C:\Program Files\nodejs\node.exe C:\Users\soumy\AppData\Roaming\npm\node_modules\firebase-tools\lib\bin\firebase.js init
[debug] [2021-04-24T18:03:03.358Z] CLI Version:   9.10.0
[debug] [2021-04-24T18:03:03.358Z] Platform:      win32
[debug] [2021-04-24T18:03:03.359Z] Node Version:  v14.16.1
[debug] [2021-04-24T18:03:03.360Z] Time:          Sat Apr 24 2021 23:33:03 GMT+0530 (India Standard Time)
[debug] [2021-04-24T18:03:03.360Z] ----------------------------------------------------------------------
[debug] 
[debug] [2021-04-24T18:03:03.368Z] > command requires scopes: ["email","openid","https://www.googleapis.com/auth/cloudplatformprojects.readonly","https://www.googleapis.com/auth/firebase","https://www.googleapis.com/auth/cloud-platform"]
[debug] [2021-04-24T18:03:03.368Z] > authorizing via signed-in user (soumyadipdas67@gmail.com)
[info] 
     ######## #### ########  ######## ########     ###     ######  ########
     ##        ##  ##     ## ##       ##     ##  ##   ##  ##       ##
     ######    ##  ########  ######   ########  #########  ######  ######
     ##        ##  ##    ##  ##       ##     ## ##     ##       ## ##
     ##       #### ##     ## ######## ########  ##     ##  ######  ########

You're about to initialize a Firebase project in this directory:

  C:\xampp\htdocs\stige

Before we get started, keep in mind:

  * You are currently outside your home directory

[info] 
=== Project Setup
[info] 
[info] First, let's associate this project directory with a Firebase project.
[info] You can create multiple project aliases by running firebase use --add, 
[info] but for now we'll just set up a default project.
[info] 
[debug] [2021-04-24T18:03:42.312Z] >>> [apiv2][query] GET https://firebase.googleapis.com/v1beta1/projects pageSize=100
[debug] [2021-04-24T18:03:42.993Z] <<< [apiv2][status] GET https://firebase.googleapis.com/v1beta1/projects 200
[debug] [2021-04-24T18:03:42.993Z] <<< [apiv2][body] GET https://firebase.googleapis.com/v1beta1/projects [omitted]
